<?xml version="1.0" encoding="UTF-8"?>
<!-- Generated by org.testng.reporters.JUnitXMLReporter -->
<testsuite ignored="0" hostname="umanimita" failures="0" tests="3" name="Default test" time="7.263" errors="0" timestamp="2022-06-24T00:57:53 IST">
  <testcase classname="com.automationexercise.specification.TestCasesForApi" name="createAccount" time="4.982"/>
  <testcase classname="com.automationexercise.specification.TestCasesForApi" name="updateAccount" time="0.965"/>
  <testcase classname="com.automationexercise.specification.TestCasesForApi" name="deleteAccount" time="0.834"/>
</testsuite> <!-- Default test -->
