<?xml version="1.0" encoding="UTF-8"?>
<testng-results ignored="0" total="3" passed="3" failed="0" skipped="0">
  <reporter-output>
    <line>
      <![CDATA[Account Created Successfully]]>
    </line>
    <line>
      <![CDATA[Account Updated Successfully]]>
    </line>
    <line>
      <![CDATA[Account Deleted Successfully]]>
    </line>
  </reporter-output>
  <suite started-at="2022-06-24T00:57:46 IST" name="Default suite" finished-at="2022-06-24T00:57:53 IST" duration-ms="7263">
    <groups>
    </groups>
    <test started-at="2022-06-24T00:57:46 IST" name="Default test" finished-at="2022-06-24T00:57:53 IST" duration-ms="7263">
      <class name="com.automationexercise.specification.TestCasesForApi">
        <test-method signature="createAccount(java.util.Map)[pri:0, instance:com.automationexercise.specification.TestCasesForApi@2525ff7e]" started-at="2022-06-24T00:57:46 IST" name="createAccount" data-provider="getFormParamsMap" finished-at="2022-06-24T00:57:51 IST" duration-ms="4982" status="PASS">
          <params>
            <param index="0">
              <value>
                <![CDATA[{country=Malta, firstname=Milo, address2=Gail Garden, city=Borerview, address1=373 Ross Flat, birth_month=9, birth_date=7, title=Mrs, lastname=Carroll, birth_year=2748, zipcode=52224-9996, password=testuser, name=Milo, company=abc, state=Georgia, mobile_number=1-508-483-1857, email=Milo4@gmail.com}]]>
              </value>
            </param>
          </params>
          <reporter-output>
            <line>
              <![CDATA[Account Created Successfully]]>
            </line>
          </reporter-output>
        </test-method> <!-- createAccount -->
        <test-method signature="updateAccount(java.util.Map)[pri:1, instance:com.automationexercise.specification.TestCasesForApi@2525ff7e]" started-at="2022-06-24T00:57:51 IST" name="updateAccount" data-provider="getUpdateFormParamsMap" finished-at="2022-06-24T00:57:52 IST" duration-ms="965" status="PASS">
          <params>
            <param index="0">
              <value>
                <![CDATA[{country=Timor-Leste, firstname=Milo, address2=Dickens Freeway, city=Eldonside, address1=0880 Reilly Forest, birth_month=5, birth_date=8, title=Mrs, lastname=Carroll, birth_year=4872, zipcode=01237, password=testuser, name=Milo, company=abc, state=Washington, mobile_number=(637) 054-9286, email=Milo4@gmail.com}]]>
              </value>
            </param>
          </params>
          <reporter-output>
            <line>
              <![CDATA[Account Updated Successfully]]>
            </line>
          </reporter-output>
        </test-method> <!-- updateAccount -->
        <test-method signature="deleteAccount(java.util.Map)[pri:2, instance:com.automationexercise.specification.TestCasesForApi@2525ff7e]" started-at="2022-06-24T00:57:52 IST" name="deleteAccount" data-provider="getdeleteFormParamsMap" finished-at="2022-06-24T00:57:53 IST" duration-ms="834" status="PASS">
          <params>
            <param index="0">
              <value>
                <![CDATA[{password=testuser, email=Milo4@gmail.com}]]>
              </value>
            </param>
          </params>
          <reporter-output>
            <line>
              <![CDATA[Account Deleted Successfully]]>
            </line>
          </reporter-output>
        </test-method> <!-- deleteAccount -->
      </class> <!-- com.automationexercise.specification.TestCasesForApi -->
    </test> <!-- Default test -->
  </suite> <!-- Default suite -->
</testng-results>
